<?xml version="1.0" encoding="UTF-8"?>
<testsuite xmlns:xsi="http://www.w3.org/2001/XMLSchema-instance" xsi:noNamespaceSchemaLocation="https://maven.apache.org/surefire/maven-surefire-plugin/xsd/surefire-test-report-3.0.xsd" version="3.0" name="PropostaApiTest" time="4.826" tests="1" errors="0" skipped="0" failures="0">
  <properties>
[...]
</properties>
  <testcase name="getProposta" classname="PropostaApiTest" time="3.739">
    <system-out><![CDATA[[{"cd_empresa":7,"Status":"Revisão Reprovada","Numero":"627","PropostaId":8131,"OportunidadeId":2040,"SegmentoId":82,"VendedorId":6009218,"Tipo":"Locação","TipoOportunidade":"Concorrente","ObjetoId":7990501,"PrevisaoFechamento":"2025-01-22","DataCriacao":"01/04/2025 16:05:34","DataValidade":"02/01/2027 00:00:00","ValorTotal":96241.02,"ValorLocacao":8148.50000000,"ValorServico":88092.52000000,"Descricao":"Proposta CONSUMIDOR FINAL","DescontoServico":22023.13000000,"DataGeracaoProposta":"2022-11-08T14:55:18Z"},{"cd_empresa":7,"Status":"Revisão Reprovada","Numero":"627","PropostaId":8132,"OportunidadeId":2040,"SegmentoId":82,"VendedorId":6009218,"Tipo":"Locação","TipoOportunidade":"Concorrente","ObjetoId":7990501,"PrevisaoFechamento":"2025-01-22","DataCriacao":"01/04/2025 16:06:13","DataValidade":"11/04/2025 00:00:00","ValorTotal":96241.02,"ValorLocacao":8148.50000000,"ValorServico":88092.52000000,"Descricao":"Proposta CONSUMIDOR FINAL","DescontoServico":22023.13000000,"DataGeracaoProposta":"2022-11-08T14:55:18Z"},{"cd_empresa":7,"Status":"Revisão Reprovada","Numero":"627","PropostaId":8133,"OportunidadeId":2040,"SegmentoId":82,"VendedorId":6009218,"Tipo":"Locação","TipoOportunidade":"Concorrente","ObjetoId":7990501,"PrevisaoFechamento":"2025-01-22","DataCriacao":"01/04/2025 16:18:13","DataValidade":"11/04/2025 00:00:00","ValorTotal":96241.02,"ValorLocacao":8148.50000000,"ValorServico":88092.52000000,"Descricao":"Proposta CONSUMIDOR FINAL","DescontoServico":22023.13000000,"DataGeracaoProposta":"2022-11-08T14:55:18Z"},{"cd_empresa":7,"Status":"Revisão Reprovada","Numero":"627","PropostaId":8134,"OportunidadeId":2040,"SegmentoId":82,"VendedorId":6009218,"Tipo":"Locação","TipoOportunidade":"Concorrente","ObjetoId":7990501,"PrevisaoFechamento":"2025-01-22","DataCriacao":"01/04/2025 16:26:30","DataValidade":"11/04/2025 00:00:00","ValorTotal":96241.02,"ValorLocacao":8148.50000000,"ValorServico":88092.52000000,"Descricao":"Proposta CONSUMIDOR FINAL","DescontoServico":22023.13000000,"DataGeracaoProposta":"2022-11-08T14:55:18Z"},{"cd_empresa":4,"Status":"Revisão Reprovada","Interesse":"Alto","Numero":"6421","PropostaId":8130,"OportunidadeId":8215,"OrigemId":169,"SegmentoId":96,"VendedorId":6009218,"Tipo":"Locação","TipoOportunidade":"Equipamentos pesados","ObjetoId":10102960,"PrevisaoFechamento":"2025-04-20","DataCriacao":"01/04/2025 15:08:14","DataValidade":"10/04/2025 00:00:00","ValorTotal":495.00,"ValorLocacao":495.00000000,"Descricao":"Proposta aqs conta","DataGeracaoProposta":"2025-03-31T17:39:13Z"},{"cd_empresa":8,"Status":"Elaboração","Interesse":"Baixo","Numero":"6432","PropostaId":8135,"OportunidadeId":8222,"OrigemId":151,"SegmentoId":96,"VendedorId":6137072,"Tipo":"Locação","TipoOportunidade":"Equipamentos pesados","ObjetoId":10103058,"PrevisaoFechamento":"2025-04-23","DataCriacao":"03/04/2025 12:08:17","DataValidade":"13/04/2025 00:00:00","ValorTotal":5000.00,"ValorLocacao":5000.00000000,"Descricao":"Proposta BVM LOCAÇÃO DE EQUIPAMENTOS","DataGeracaoProposta":"2025-04-03T15:08:16Z"},{"cd_empresa":4,"Status":"Elaboração","Numero":"6433","PropostaId":8136,"OportunidadeId":8223,"OrigemId":131,"SegmentoId":102,"VendedorId":6117184,"Tipo":"Ambos","TipoOportunidade":"Equipamentos pesados","ObjetoId":10103110,"PrevisaoFechamento":"2025-04-29","DataCriacao":"09/04/2025 08:15:41","DataValidade":"19/04/2025 00:00:00","ValorTotal":73330.00,"ValorLocacao":71280.00000000,"ValorServico":2000.00000000,"ValorVenda":50.00,"Descricao":"Proposta \"jurema construcoes\" 2","DataGeracaoProposta":"2025-04-09T11:15:40Z"},{"cd_empresa":4,"Status":"Elaboração","Numero":"6434","PropostaId":8137,"OportunidadeId":8224,"OrigemId":165,"SegmentoId":96,"VendedorId":6010925,"Tipo":"Locação","TipoOportunidade":"Equipamentos pesados","ObjetoId":10103112,"PrevisaoFechamento":"2025-04-29","DataCriacao":"09/04/2025 10:01:12","DataValidade":"19/04/2025 00:00:00","ValorTotal":1225.00,"ValorLocacao":1225.00000000,"Descricao":"Proposta: CONSUMIDOR FINAL","DataGeracaoProposta":"2025-04-09T13:01:11Z"},{"cd_empresa":4,"Status":"Elaboração","Numero":"6435","PropostaId":8138,"OportunidadeId":8225,"OrigemId":131,"SegmentoId":102,"VendedorId":6009218,"Tipo":"Locação","TipoOportunidade":"Equipamentos pesados","ObjetoId":10103139,"PrevisaoFechamento":"2025-05-06","DataCriacao":"16/04/2025 10:10:03","DataValidade":"26/04/2025 00:00:00","Descricao":"Proposta \"jurema construcoes\" 2","DataGeracaoProposta":"2025-04-16T13:10:03Z"}]
]]></system-out>
    <system-err><![CDATA[SLF4J: Failed to load class "org.slf4j.impl.StaticLoggerBinder".
SLF4J: Defaulting to no-operation (NOP) logger implementation
SLF4J: See http://www.slf4j.org/codes.html#StaticLoggerBinder for further details.
]]></system-err>
  </testcase>
</testsuite>